<?xml version="1.0" encoding="UTF-8"?>
<testng-results skipped="0" failed="0" ignored="0" total="2" passed="2">
  <reporter-output>
  </reporter-output>
  <suite name="RTA App Regression Test" duration-ms="14187" started-at="2023-06-17T14:22:27Z" finished-at="2023-06-17T14:22:41Z">
    <groups>
    </groups>
    <test name="rta regression Test" duration-ms="14187" started-at="2023-06-17T14:22:27Z" finished-at="2023-06-17T14:22:41Z">
      <class name="com.qa.rta.tests.HomePageTest">
        <test-method status="PASS" signature="setUp()[pri:0, instance:com.qa.rta.tests.HomePageTest@46292372]" name="setUp" is-config="true" duration-ms="6091" started-at="2023-06-17T14:22:27Z" finished-at="2023-06-17T14:22:33Z">
          <reporter-output>
          </reporter-output>
        </test-method> <!-- setUp -->
        <test-method status="PASS" signature="verifyHomePageTitleTest()[pri:0, instance:com.qa.rta.tests.HomePageTest@46292372]" name="verifyHomePageTitleTest" duration-ms="97" started-at="2023-06-17T14:22:33Z" description="Navigation to website scenario" finished-at="2023-06-17T14:22:34Z">
          <reporter-output>
          </reporter-output>
        </test-method> <!-- verifyHomePageTitleTest -->
        <test-method status="PASS" signature="tearDown()[pri:0, instance:com.qa.rta.tests.HomePageTest@46292372]" name="tearDown" is-config="true" duration-ms="692" started-at="2023-06-17T14:22:34Z" finished-at="2023-06-17T14:22:34Z">
          <reporter-output>
          </reporter-output>
        </test-method> <!-- tearDown -->
        <test-method status="PASS" signature="setUp()[pri:0, instance:com.qa.rta.tests.HomePageTest@46292372]" name="setUp" is-config="true" duration-ms="4717" started-at="2023-06-17T14:22:34Z" finished-at="2023-06-17T14:22:39Z">
          <reporter-output>
          </reporter-output>
        </test-method> <!-- setUp -->
        <test-method status="PASS" signature="clickSection()[pri:1, instance:com.qa.rta.tests.HomePageTest@46292372]" name="clickSection" duration-ms="1662" started-at="2023-06-17T14:22:39Z" description="Click on Sub menus" finished-at="2023-06-17T14:22:41Z">
          <reporter-output>
          </reporter-output>
        </test-method> <!-- clickSection -->
        <test-method status="PASS" signature="tearDown()[pri:0, instance:com.qa.rta.tests.HomePageTest@46292372]" name="tearDown" is-config="true" duration-ms="673" started-at="2023-06-17T14:22:41Z" finished-at="2023-06-17T14:22:41Z">
          <reporter-output>
          </reporter-output>
        </test-method> <!-- tearDown -->
      </class> <!-- com.qa.rta.tests.HomePageTest -->
    </test> <!-- rta regression Test -->
  </suite> <!-- RTA App Regression Test -->
</testng-results>
